#
# A fatal error has been detected by the Java Runtime Environment:
#
#  EXCEPTION_ACCESS_VIOLATION (0xc0000005) at pc=0x000002cc15811852, pid=15380, tid=18132
#
# JRE version: OpenJDK Runtime Environment (15.0.1+9) (build 15.0.1+9-18)
# Java VM: OpenJDK 64-Bit Server VM (15.0.1+9-18, mixed mode, tiered, compressed oops, g1 gc, windows-amd64)
# Problematic frame:
# j  Main.Command([Ljava/lang/String;[LOffice;I[LCustomer;I[LCarRequest;I[LContract;ILDate;)[I+-11668
#
# No core dump will be written. Minidumps are not enabled by default on client versions of Windows
#
# If you would like to submit a bug report, please visit:
#   https://bugreport.java.com/bugreport/crash.jsp
#

---------------  S U M M A R Y ------------

Command Line: -XX:+ShowCodeDetailsInExceptionMessages -agentlib:jdwp=transport=dt_socket,suspend=y,address=localhost:49577 -javaagent:C:\Users\siyar\.eclipse\org.eclipse.platform_4.18.0_1709980481_win32_win32_x86_64\configuration\org.eclipse.osgi\220\0\.cp\lib\javaagent-shaded.jar -Dfile.encoding=Cp1254 Main

Host: Intel(R) Core(TM) i7-10750H CPU @ 2.60GHz, 12 cores, 15G,  Windows 10 , 64 bit Build 19041 (10.0.19041.804)
Time: Sat Apr 10 21:42:02 2021 Türkiye Standart Saati elapsed time: 32165.493972 seconds (0d 8h 56m 5s)

---------------  T H R E A D  ---------------

Current thread (0x000002cc11dc15f0):  JavaThread "main" [_thread_in_Java, id=18132, stack(0x000000fa81000000,0x000000fa81100000)]

Stack: [0x000000fa81000000,0x000000fa81100000],  sp=0x000000fa810ff260,  free space=1020k
Native frames: (J=compiled Java code, j=interpreted, Vv=VM code, C=native code)
C  0x000002cc15811852


siginfo: EXCEPTION_ACCESS_VIOLATION (0xc0000005), reading address 0x000002cc4b8f779a


Register to memory mapping:

RIP=0x000002cc15811852 is at code_begin+594 in an Interpreter codelet
goto_w  200 goto_w  [0x000002cc15811600, 0x000002cc15811da0]  1952 bytes
RAX=0x0 is NULL
RBX=0x00000000000000c8 is an unknown value
RCX={method} {0x000002cc328fb348} 'Command' '([Ljava/lang/String;[LOffice;I[LCustomer;I[LCarRequest;I[LContract;ILDate;)[I' in 'Main'
RDX=0x00000000190000fe is an unknown value
RSP=0x000000fa810ff260 is pointing into the stack for thread: 0x000002cc11dc15f0
RBP=0x000000fa810ff2a8 is pointing into the stack for thread: 0x000002cc11dc15f0
RSI=0x000000001e55c395 is an unknown value
RDI=0x0000000800001b98 is a pointer to class: 
java.lang.String {0x0000000800001ba0}
R8 =0x0000000000000002 is an unknown value
R9 =0x0000000000000002 is an unknown value
R10=0x00007ffe72908a10 jvm.dll
R11={method} {0x000002cc328fb348} 'Command' '([Ljava/lang/String;[LOffice;I[LCustomer;I[LCarRequest;I[LContract;ILDate;)[I' in 'Main'
R12=0x0 is NULL
R13=0x000002cc4b8f779a is an unknown value
R14=0x000000fa810ff3a0 is pointing into the stack for thread: 0x000002cc11dc15f0
R15=0x000002cc11dc15f0 is a thread


Registers:
RAX=0x0000000000000000, RBX=0x00000000000000c8, RCX=0x000002cc328fb340, RDX=0x00000000190000fe
RSP=0x000000fa810ff260, RBP=0x000000fa810ff2a8, RSI=0x000000001e55c395, RDI=0x0000000800001b98
R8 =0x0000000000000002, R9 =0x0000000000000002, R10=0x00007ffe72908a10, R11=0x000002cc328fb340
R12=0x0000000000000000, R13=0x000002cc4b8f779a, R14=0x000000fa810ff3a0, R15=0x000002cc11dc15f0
RIP=0x000002cc15811852, EFLAGS=0x0000000000010202

Top of Stack: (sp=0x000000fa810ff260)
0x000000fa810ff260:   000000fa810ff260 000002cc328f769c
0x000000fa810ff270:   000000fa810ff3a0 000002cc32a00040
0x000000fa810ff280:   0000000000000000 0000000712128e08
0x000000fa810ff290:   000002cc328fb340 0000000000000000
0x000000fa810ff2a0:   000000fa810ff358 000000fa810ff3f0
0x000000fa810ff2b0:   000002cc157ec890 0000000000000000
0x000000fa810ff2c0:   0000000000000000 0000000000000000
0x000000fa810ff2d0:   0000000000000000 0000000000000000
0x000000fa810ff2e0:   0000000000000000 0000000000000000
0x000000fa810ff2f0:   0000000000000000 0000000000000000
0x000000fa810ff300:   0000000000000000 0000000000000002
0x000000fa810ff310:   0000000000000000 0000000000000000
0x000000fa810ff320:   0000000000000000 0000000000000000
0x000000fa810ff330:   0000000000000000 0000000000000000
0x000000fa810ff340:   0000000711ef4308 0000000711ef44f0
0x000000fa810ff350:   0000000711ef44b8 000000071212d408 

Instructions: (pc=0x000002cc15811852)
0x000002cc15811752:   00 00 00 48 83 ec 08 49 ba b0 6a 19 72 fe 7f 00
0x000002cc15811762:   00 41 ff d2 48 83 c4 08 e9 0d 00 00 00 49 ba b0
0x000002cc15811772:   6a 19 72 fe 7f 00 00 41 ff d2 48 83 c4 20 ff e0
0x000002cc15811782:   49 8b 8f 80 04 00 00 48 85 c9 0f 84 56 00 00 00
0x000002cc15811792:   8b 49 7c 83 f9 01 0f 85 4a 00 00 00 49 8b 8f 80
0x000002cc158117a2:   04 00 00 8b 89 80 00 00 00 48 83 ec 20 f7 c4 0f
0x000002cc158117b2:   00 00 00 0f 84 1a 00 00 00 48 83 ec 08 49 ba a0
0x000002cc158117c2:   6a 19 72 fe 7f 00 00 41 ff d2 48 83 c4 08 e9 0d
0x000002cc158117d2:   00 00 00 49 ba a0 6a 19 72 fe 7f 00 00 41 ff d2
0x000002cc158117e2:   48 83 c4 20 ff e0 49 81 7f 08 00 00 00 00 0f 84
0x000002cc158117f2:   05 00 00 00 e9 85 f6 fc ff 4c 8b 6d c0 4c 8b 75
0x000002cc15811802:   c8 c3 59 5a 48 8b 41 18 48 85 c0 0f 84 3f 00 00
0x000002cc15811812:   00 48 8b 59 10 48 85 db 74 20 8b 83 08 01 00 00
0x000002cc15811822:   83 c0 02 89 83 08 01 00 00 23 83 1c 01 00 00 0f
0x000002cc15811832:   84 27 02 00 00 e9 16 00 00 00 48 8b 49 18 8b 41
0x000002cc15811842:   1c 83 c0 02 89 41 1c 23 41 34 0f 84 0c 02 00 00
0x000002cc15811852:   41 0f b6 5d 00 41 f6 87 10 01 00 00 08 74 0c 49
0x000002cc15811862:   ba 10 da 90 72 fe 7f 00 00 eb 0a 49 ba 10 3a 90
0x000002cc15811872:   72 fe 7f 00 00 41 ff 24 da e8 05 00 00 00 e9 6c
0x000002cc15811882:   01 00 00 48 8d 44 24 08 4c 89 6d c0 49 8b cf c5
0x000002cc15811892:   f8 77 49 89 af 18 03 00 00 49 89 87 08 03 00 00
0x000002cc158118a2:   48 83 ec 20 f7 c4 0f 00 00 00 0f 84 1a 00 00 00
0x000002cc158118b2:   48 83 ec 08 49 ba 00 c9 19 72 fe 7f 00 00 41 ff
0x000002cc158118c2:   d2 48 83 c4 08 e9 0d 00 00 00 49 ba 00 c9 19 72
0x000002cc158118d2:   fe 7f 00 00 41 ff d2 48 83 c4 20 49 ba 00 00 00
0x000002cc158118e2:   00 00 00 00 00 4d 89 97 08 03 00 00 49 ba 00 00
0x000002cc158118f2:   00 00 00 00 00 00 4d 89 97 18 03 00 00 49 ba 00
0x000002cc15811902:   00 00 00 00 00 00 00 4d 89 97 10 03 00 00 c5 f8
0x000002cc15811912:   77 41 8b 8f 2c 04 00 00 f7 c1 01 00 00 00 0f 84
0x000002cc15811922:   49 00 00 00 f7 c1 02 00 00 00 0f 85 3d 00 00 00
0x000002cc15811932:   48 83 ec 20 f7 c4 0f 00 00 00 0f 84 1a 00 00 00
0x000002cc15811942:   48 83 ec 08 49 ba b0 6a 19 72 fe 7f 00 00 41 ff 


Stack slot to memory mapping:
stack at sp + 0 slots: 0x000000fa810ff260 is pointing into the stack for thread: 0x000002cc11dc15f0
stack at sp + 1 slots: 0x000002cc328f769c is pointing into metadata
stack at sp + 2 slots: 0x000000fa810ff3a0 is pointing into the stack for thread: 0x000002cc11dc15f0
stack at sp + 3 slots: 0x000002cc32a00040 is pointing into metadata
stack at sp + 4 slots: 0x0 is NULL
stack at sp + 5 slots: 0x0000000712128e08 is an oop: java.lang.Class 
{0x0000000712128e08} - klass: 'java/lang/Class'
stack at sp + 6 slots: {method} {0x000002cc328fb348} 'Command' '([Ljava/lang/String;[LOffice;I[LCustomer;I[LCarRequest;I[LContract;ILDate;)[I' in 'Main'
stack at sp + 7 slots: 0x0 is NULL

goto_w  200 goto_w  [0x000002cc15811600, 0x000002cc15811da0]  1952 bytes
[MachCode]
  0x000002cc15811600: 50e9 3900 | 0000 4883 | ec08 c5fa | 1104 24e9 | 2b00 0000 | 4883 ec10 | c5fb 1104 | 24e9 1d00 
  0x000002cc15811620: 0000 4883 | ec10 4889 | 0424 49ba | 0000 0000 | 0000 0000 | 4c89 5424 | 08e9 0100 | 0000 5048 
  0x000002cc15811640: 8b4d e848 | 8b45 d848 | 85c0 0f84 | 1800 0000 | 488b 5808 | 4883 c301 | 4883 db00 | 4889 5808 
  0x000002cc15811660: 4803 4010 | 4889 45d8 | 418b 5501 | 0fca 4863 | d24c 03ea | 85d2 0f89 | d601 0000 | 488b 4118 
  0x000002cc15811680: 4885 c00f | 858a 0100 | 0052 51e8 | 0500 0000 | e96f 0100 | 0048 8bd1 | 488d 4424 | 084c 896d 
  0x000002cc158116a0: c049 8bcf | c5f8 7749 | 89af 1803 | 0000 4989 | 8708 0300 | 0048 83ec | 20f7 c40f | 0000 000f 
  0x000002cc158116c0: 841a 0000 | 0048 83ec | 0849 bad0 | 9a19 72fe | 7f00 0041 | ffd2 4883 | c408 e90d | 0000 0049 
  0x000002cc158116e0: bad0 9a19 | 72fe 7f00 | 0041 ffd2 | 4883 c420 | 49ba 0000 | 0000 0000 | 0000 4d89 | 9708 0300 
  0x000002cc15811700: 0049 ba00 | 0000 0000 | 0000 004d | 8997 1803 | 0000 49ba | 0000 0000 | 0000 0000 | 4d89 9710 
  0x000002cc15811720: 0300 00c5 | f877 418b | 8f2c 0400 | 00f7 c101 | 0000 000f | 8449 0000 | 00f7 c102 | 0000 000f 
  0x000002cc15811740: 853d 0000 | 0048 83ec | 20f7 c40f | 0000 000f | 841a 0000 | 0048 83ec | 0849 bab0 | 6a19 72fe 
  0x000002cc15811760: 7f00 0041 | ffd2 4883 | c408 e90d | 0000 0049 | bab0 6a19 | 72fe 7f00 | 0041 ffd2 | 4883 c420 
  0x000002cc15811780: ffe0 498b | 8f80 0400 | 0048 85c9 | 0f84 5600 | 0000 8b49 | 7c83 f901 | 0f85 4a00 | 0000 498b 
  0x000002cc158117a0: 8f80 0400 | 008b 8980 | 0000 0048 | 83ec 20f7 | c40f 0000 | 000f 841a | 0000 0048 | 83ec 0849 
  0x000002cc158117c0: baa0 6a19 | 72fe 7f00 | 0041 ffd2 | 4883 c408 | e90d 0000 | 0049 baa0 | 6a19 72fe | 7f00 0041 
  0x000002cc158117e0: ffd2 4883 | c420 ffe0 | 4981 7f08 | 0000 0000 | 0f84 0500 | 0000 e985 | f6fc ff4c | 8b6d c04c 
  0x000002cc15811800: 8b75 c8c3 | 595a 488b | 4118 4885 | c00f 843f | 0000 0048 | 8b59 1048 | 85db 7420 | 8b83 0801 
  0x000002cc15811820: 0000 83c0 | 0289 8308 | 0100 0023 | 831c 0100 | 000f 8427 | 0200 00e9 | 1600 0000 | 488b 4918 
  0x000002cc15811840: 8b41 1c83 | c002 8941 | 1c23 4134 | 0f84 0c02 | 0000 410f | b65d 0041 | f687 1001 | 0000 0874 
  0x000002cc15811860: 0c49 ba10 | da90 72fe | 7f00 00eb | 0a49 ba10 | 3a90 72fe | 7f00 0041 | ff24 dae8 | 0500 0000 
  0x000002cc15811880: e96c 0100 | 0048 8d44 | 2408 4c89 | 6dc0 498b | cfc5 f877 | 4989 af18 | 0300 0049 | 8987 0803 
  0x000002cc158118a0: 0000 4883 | ec20 f7c4 | 0f00 0000 | 0f84 1a00 | 0000 4883 | ec08 49ba | 00c9 1972 | fe7f 0000 
  0x000002cc158118c0: 41ff d248 | 83c4 08e9 | 0d00 0000 | 49ba 00c9 | 1972 fe7f | 0000 41ff | d248 83c4 | 2049 ba00 
  0x000002cc158118e0: 0000 0000 | 0000 004d | 8997 0803 | 0000 49ba | 0000 0000 | 0000 0000 | 4d89 9718 | 0300 0049 
  0x000002cc15811900: ba00 0000 | 0000 0000 | 004d 8997 | 1003 0000 | c5f8 7741 | 8b8f 2c04 | 0000 f7c1 | 0100 0000 
  0x000002cc15811920: 0f84 4900 | 0000 f7c1 | 0200 0000 | 0f85 3d00 | 0000 4883 | ec20 f7c4 | 0f00 0000 | 0f84 1a00 
  0x000002cc15811940: 0000 4883 | ec08 49ba | b06a 1972 | fe7f 0000 | 41ff d248 | 83c4 08e9 | 0d00 0000 | 49ba b06a 
  0x000002cc15811960: 1972 fe7f | 0000 41ff | d248 83c4 | 20ff e049 | 8b8f 8004 | 0000 4885 | c90f 8456 | 0000 008b 
  0x000002cc15811980: 497c 83f9 | 010f 854a | 0000 0049 | 8b8f 8004 | 0000 8b89 | 8000 0000 | 4883 ec20 | f7c4 0f00 
  0x000002cc158119a0: 0000 0f84 | 1a00 0000 | 4883 ec08 | 49ba a06a | 1972 fe7f | 0000 41ff | d248 83c4 | 08e9 0d00 
  0x000002cc158119c0: 0000 49ba | a06a 1972 | fe7f 0000 | 41ff d248 | 83c4 20ff | e049 817f | 0800 0000 | 000f 8405 
  0x000002cc158119e0: 0000 00e9 | 98f4 fcff | 4c8b 6dc0 | 4c8b 75c8 | c350 5348 | 8b5d e848 | 8b43 1048 | 85c0 0f84 
  0x000002cc15811a00: 4f00 0000 | 498b d548 | 8bcb 4883 | ec20 f7c4 | 0f00 0000 | 0f84 1a00 | 0000 4883 | ec08 49ba 
  0x000002cc15811a20: 909a 1972 | fe7f 0000 | 41ff d248 | 83c4 08e9 | 0d00 0000 | 49ba 909a | 1972 fe7f | 0000 41ff 
  0x000002cc15811a40: d248 83c4 | 2048 8b5b | 1048 81c3 | 4001 0000 | 4803 c348 | 8945 d85b | 58e9 f4fd | ffff 48f7 
  0x000002cc15811a60: da49 03d5 | e805 0000 | 00e9 6c01 | 0000 488d | 4424 084c | 896d c049 | 8bcf c5f8 | 7749 89af 
  0x000002cc15811a80: 1803 0000 | 4989 8708 | 0300 0048 | 83ec 20f7 | c40f 0000 | 000f 841a | 0000 0048 | 83ec 0849 
  0x000002cc15811aa0: ba50 a619 | 72fe 7f00 | 0041 ffd2 | 4883 c408 | e90d 0000 | 0049 ba50 | a619 72fe | 7f00 0041 
  0x000002cc15811ac0: ffd2 4883 | c420 49ba | 0000 0000 | 0000 0000 | 4d89 9708 | 0300 0049 | ba00 0000 | 0000 0000 
  0x000002cc15811ae0: 004d 8997 | 1803 0000 | 49ba 0000 | 0000 0000 | 0000 4d89 | 9710 0300 | 00c5 f877 | 418b 8f2c 
  0x000002cc15811b00: 0400 00f7 | c101 0000 | 000f 8449 | 0000 00f7 | c102 0000 | 000f 853d | 0000 0048 | 83ec 20f7 
  0x000002cc15811b20: c40f 0000 | 000f 841a | 0000 0048 | 83ec 0849 | bab0 6a19 | 72fe 7f00 | 0041 ffd2 | 4883 c408 
  0x000002cc15811b40: e90d 0000 | 0049 bab0 | 6a19 72fe | 7f00 0041 | ffd2 4883 | c420 ffe0 | 498b 8f80 | 0400 0048 
  0x000002cc15811b60: 85c9 0f84 | 5600 0000 | 8b49 7c83 | f901 0f85 | 4a00 0000 | 498b 8f80 | 0400 008b | 8980 0000 
  0x000002cc15811b80: 0048 83ec | 20f7 c40f | 0000 000f | 841a 0000 | 0048 83ec | 0849 baa0 | 6a19 72fe | 7f00 0041 
  0x000002cc15811ba0: ffd2 4883 | c408 e90d | 0000 0049 | baa0 6a19 | 72fe 7f00 | 0041 ffd2 | 4883 c420 | ffe0 4981 
  0x000002cc15811bc0: 7f08 0000 | 0000 0f84 | 0500 0000 | e9af f2fc | ff4c 8b6d | c04c 8b75 | c8c3 4885 | c00f 846f 
  0x000002cc15811be0: fcff ff80 | b83f 0100 | 0000 0f85 | 62fc ffff | 488b d8e8 | 0500 0000 | e96c 0100 | 0048 8d44 
  0x000002cc15811c00: 2408 4c89 | 6dc0 498b | cfc5 f877 | 4989 af18 | 0300 0049 | 8987 0803 | 0000 4883 | ec20 f7c4 
  0x000002cc15811c20: 0f00 0000 | 0f84 1a00 | 0000 4883 | ec08 49ba | 70f9 4d72 | fe7f 0000 | 41ff d248 | 83c4 08e9 
  0x000002cc15811c40: 0d00 0000 | 49ba 70f9 | 4d72 fe7f | 0000 41ff | d248 83c4 | 2049 ba00 | 0000 0000 | 0000 004d 
  0x000002cc15811c60: 8997 0803 | 0000 49ba | 0000 0000 | 0000 0000 | 4d89 9718 | 0300 0049 | ba00 0000 | 0000 0000 
  0x000002cc15811c80: 004d 8997 | 1003 0000 | c5f8 7741 | 8b8f 2c04 | 0000 f7c1 | 0100 0000 | 0f84 4900 | 0000 f7c1 
  0x000002cc15811ca0: 0200 0000 | 0f85 3d00 | 0000 4883 | ec20 f7c4 | 0f00 0000 | 0f84 1a00 | 0000 4883 | ec08 49ba 
  0x000002cc15811cc0: b06a 1972 | fe7f 0000 | 41ff d248 | 83c4 08e9 | 0d00 0000 | 49ba b06a | 1972 fe7f | 0000 41ff 
  0x000002cc15811ce0: d248 83c4 | 20ff e049 | 8b8f 8004 | 0000 4885 | c90f 8456 | 0000 008b | 497c 83f9 | 010f 854a 
  0x000002cc15811d00: 0000 0049 | 8b8f 8004 | 0000 8b89 | 8000 0000 | 4883 ec20 | f7c4 0f00 | 0000 0f84 | 1a00 0000 
  0x000002cc15811d20: 4883 ec08 | 49ba a06a | 1972 fe7f | 0000 41ff | d248 83c4 | 08e9 0d00 | 0000 49ba | a06a 1972 
  0x000002cc15811d40: fe7f 0000 | 41ff d248 | 83c4 20ff | e049 817f | 0800 0000 | 000f 8405 | 0000 00e9 | 20f1 fcff 
  0x000002cc15811d60: 4c8b 6dc0 | 4c8b 75c8 | c348 8bd0 | 4c8b 45f8 | c941 5949 | 8be0 4883 | e4f0 4151 | ffa3 f000 
  0x000002cc15811d80: 0000 410f | b65d 0549 | 83c5 0549 | ba10 3a90 | 72fe 7f00 | 0041 ff24 | da0f 1f80 | 0000 0000 
[/MachCode]

---------------  P R O C E S S  ---------------

Threads class SMR info:
_java_thread_list=0x000002cc31c5ac90, length=14, elements={
0x000002cc11dc15f0, 0x000002cc318f9020, 0x000002cc318f9ad0, 0x000002cc318e6150,
0x000002cc3191b020, 0x000002cc3191bad0, 0x000002cc3191c8b0, 0x000002cc31922860,
0x000002cc31924470, 0x000002cc31a3c960, 0x000002cc31bcadc0, 0x000002cc31bcea70,
0x000002cc31c581c0, 0x000002cc32198060
}

Java Threads: ( => current thread )
=>0x000002cc11dc15f0 JavaThread "main" [_thread_in_Java, id=18132, stack(0x000000fa81000000,0x000000fa81100000)]
  0x000002cc318f9020 JavaThread "Reference Handler" daemon [_thread_blocked, id=30760, stack(0x000000fa81700000,0x000000fa81800000)]
  0x000002cc318f9ad0 JavaThread "Finalizer" daemon [_thread_blocked, id=16860, stack(0x000000fa81800000,0x000000fa81900000)]
  0x000002cc318e6150 JavaThread "Signal Dispatcher" daemon [_thread_blocked, id=29796, stack(0x000000fa81900000,0x000000fa81a00000)]
  0x000002cc3191b020 JavaThread "Attach Listener" daemon [_thread_blocked, id=31792, stack(0x000000fa81a00000,0x000000fa81b00000)]
  0x000002cc3191bad0 JavaThread "Service Thread" daemon [_thread_blocked, id=15900, stack(0x000000fa81b00000,0x000000fa81c00000)]
  0x000002cc3191c8b0 JavaThread "C2 CompilerThread0" daemon [_thread_blocked, id=31520, stack(0x000000fa81c00000,0x000000fa81d00000)]
  0x000002cc31922860 JavaThread "C1 CompilerThread0" daemon [_thread_blocked, id=23936, stack(0x000000fa81d00000,0x000000fa81e00000)]
  0x000002cc31924470 JavaThread "Sweeper thread" daemon [_thread_blocked, id=30188, stack(0x000000fa81e00000,0x000000fa81f00000)]
  0x000002cc31a3c960 JavaThread "Common-Cleaner" daemon [_thread_blocked, id=29408, stack(0x000000fa81f00000,0x000000fa82000000)]
  0x000002cc31bcadc0 JavaThread "JDWP Transport Listener: dt_socket" daemon [_thread_blocked, id=31436, stack(0x000000fa82000000,0x000000fa82100000)]
  0x000002cc31bcea70 JavaThread "JDWP Event Helper Thread" daemon [_thread_blocked, id=32236, stack(0x000000fa82100000,0x000000fa82200000)]
  0x000002cc31c581c0 JavaThread "JDWP Command Reader" daemon [_thread_in_native, id=31808, stack(0x000000fa82200000,0x000000fa82300000)]
  0x000002cc32198060 JavaThread "Notification Thread" daemon [_thread_blocked, id=12772, stack(0x000000fa82400000,0x000000fa82500000)]

Other Threads:
  0x000002cc318c26e0 VMThread "VM Thread" [stack: 0x000000fa81600000,0x000000fa81700000] [id=31112]
  0x000002cc11dc27a0 WatcherThread [stack: 0x000000fa82500000,0x000000fa82600000] [id=1240]
  0x000002cc11e12150 GCTaskThread "GC Thread#0" [stack: 0x000000fa81100000,0x000000fa81200000] [id=27120]
  0x000002cc11e23940 ConcurrentGCThread "G1 Main Marker" [stack: 0x000000fa81200000,0x000000fa81300000] [id=26708]
  0x000002cc11e245b0 ConcurrentGCThread "G1 Conc#0" [stack: 0x000000fa81300000,0x000000fa81400000] [id=16308]
  0x000002cc11e9df90 ConcurrentGCThread "G1 Refine#0" [stack: 0x000000fa81400000,0x000000fa81500000] [id=23688]
  0x000002cc11e9eb90 ConcurrentGCThread "G1 Young RemSet Sampling" [stack: 0x000000fa81500000,0x000000fa81600000] [id=5224]

Threads with active compile tasks:

VM state: not at safepoint (normal execution)

VM Mutex/Monitor currently owned by a thread: None

Heap address: 0x0000000702800000, size: 4056 MB, Compressed Oops mode: Zero based, Oop shift amount: 3
CDS disabled.
Compressed class space mapped at: 0x0000000800000000-0x0000000840000000, size: 1073741824
Narrow klass base: 0x0000000800000000, Narrow klass shift: 0, Narrow klass range: 0x40000000

GC Precious Log:
 CPUs: 12 total, 12 available
 Memory: 16220M
 Large Page Support: Disabled
 NUMA Support: Disabled
 Compressed Oops: Enabled (Zero based)
 Heap Region Size: 2M
 Heap Min Capacity: 8M
 Heap Initial Capacity: 254M
 Heap Max Capacity: 4056M
 Pre-touch: Disabled
 Parallel Workers: 10
 Concurrent Workers: 3
 Concurrent Refinement Workers: 10
 Periodic GC: Disabled

Heap:
 garbage-first heap   total 260096K, used 8192K [0x0000000702800000, 0x0000000800000000)
  region size 2048K, 5 young (10240K), 0 survivors (0K)
 Metaspace       used 10628K, capacity 10792K, committed 11008K, reserved 1058816K
  class space    used 908K, capacity 951K, committed 1024K, reserved 1048576K

Heap Regions: E=young(eden), S=young(survivor), O=old, HS=humongous(starts), HC=humongous(continues), CS=collection set, F=free, OA=open archive, CA=closed archive, TAMS=top-at-mark-start (previous, next)
|   0|0x0000000702800000, 0x0000000702800000, 0x0000000702a00000|  0%| F|  |TAMS 0x0000000702800000, 0x0000000702800000| Untracked 
|   1|0x0000000702a00000, 0x0000000702a00000, 0x0000000702c00000|  0%| F|  |TAMS 0x0000000702a00000, 0x0000000702a00000| Untracked 
|   2|0x0000000702c00000, 0x0000000702c00000, 0x0000000702e00000|  0%| F|  |TAMS 0x0000000702c00000, 0x0000000702c00000| Untracked 
|   3|0x0000000702e00000, 0x0000000702e00000, 0x0000000703000000|  0%| F|  |TAMS 0x0000000702e00000, 0x0000000702e00000| Untracked 
|   4|0x0000000703000000, 0x0000000703000000, 0x0000000703200000|  0%| F|  |TAMS 0x0000000703000000, 0x0000000703000000| Untracked 
|   5|0x0000000703200000, 0x0000000703200000, 0x0000000703400000|  0%| F|  |TAMS 0x0000000703200000, 0x0000000703200000| Untracked 
|   6|0x0000000703400000, 0x0000000703400000, 0x0000000703600000|  0%| F|  |TAMS 0x0000000703400000, 0x0000000703400000| Untracked 
|   7|0x0000000703600000, 0x0000000703600000, 0x0000000703800000|  0%| F|  |TAMS 0x0000000703600000, 0x0000000703600000| Untracked 
|   8|0x0000000703800000, 0x0000000703800000, 0x0000000703a00000|  0%| F|  |TAMS 0x0000000703800000, 0x0000000703800000| Untracked 
|   9|0x0000000703a00000, 0x0000000703a00000, 0x0000000703c00000|  0%| F|  |TAMS 0x0000000703a00000, 0x0000000703a00000| Untracked 
|  10|0x0000000703c00000, 0x0000000703c00000, 0x0000000703e00000|  0%| F|  |TAMS 0x0000000703c00000, 0x0000000703c00000| Untracked 
|  11|0x0000000703e00000, 0x0000000703e00000, 0x0000000704000000|  0%| F|  |TAMS 0x0000000703e00000, 0x0000000703e00000| Untracked 
|  12|0x0000000704000000, 0x0000000704000000, 0x0000000704200000|  0%| F|  |TAMS 0x0000000704000000, 0x0000000704000000| Untracked 
|  13|0x0000000704200000, 0x0000000704200000, 0x0000000704400000|  0%| F|  |TAMS 0x0000000704200000, 0x0000000704200000| Untracked 
|  14|0x0000000704400000, 0x0000000704400000, 0x0000000704600000|  0%| F|  |TAMS 0x0000000704400000, 0x0000000704400000| Untracked 
|  15|0x0000000704600000, 0x0000000704600000, 0x0000000704800000|  0%| F|  |TAMS 0x0000000704600000, 0x0000000704600000| Untracked 
|  16|0x0000000704800000, 0x0000000704800000, 0x0000000704a00000|  0%| F|  |TAMS 0x0000000704800000, 0x0000000704800000| Untracked 
|  17|0x0000000704a00000, 0x0000000704a00000, 0x0000000704c00000|  0%| F|  |TAMS 0x0000000704a00000, 0x0000000704a00000| Untracked 
|  18|0x0000000704c00000, 0x0000000704c00000, 0x0000000704e00000|  0%| F|  |TAMS 0x0000000704c00000, 0x0000000704c00000| Untracked 
|  19|0x0000000704e00000, 0x0000000704e00000, 0x0000000705000000|  0%| F|  |TAMS 0x0000000704e00000, 0x0000000704e00000| Untracked 
|  20|0x0000000705000000, 0x0000000705000000, 0x0000000705200000|  0%| F|  |TAMS 0x0000000705000000, 0x0000000705000000| Untracked 
|  21|0x0000000705200000, 0x0000000705200000, 0x0000000705400000|  0%| F|  |TAMS 0x0000000705200000, 0x0000000705200000| Untracked 
|  22|0x0000000705400000, 0x0000000705400000, 0x0000000705600000|  0%| F|  |TAMS 0x0000000705400000, 0x0000000705400000| Untracked 
|  23|0x0000000705600000, 0x0000000705600000, 0x0000000705800000|  0%| F|  |TAMS 0x0000000705600000, 0x0000000705600000| Untracked 
|  24|0x0000000705800000, 0x0000000705800000, 0x0000000705a00000|  0%| F|  |TAMS 0x0000000705800000, 0x0000000705800000| Untracked 
|  25|0x0000000705a00000, 0x0000000705a00000, 0x0000000705c00000|  0%| F|  |TAMS 0x0000000705a00000, 0x0000000705a00000| Untracked 
|  26|0x0000000705c00000, 0x0000000705c00000, 0x0000000705e00000|  0%| F|  |TAMS 0x0000000705c00000, 0x0000000705c00000| Untracked 
|  27|0x0000000705e00000, 0x0000000705e00000, 0x0000000706000000|  0%| F|  |TAMS 0x0000000705e00000, 0x0000000705e00000| Untracked 
|  28|0x0000000706000000, 0x0000000706000000, 0x0000000706200000|  0%| F|  |TAMS 0x0000000706000000, 0x0000000706000000| Untracked 
|  29|0x0000000706200000, 0x0000000706200000, 0x0000000706400000|  0%| F|  |TAMS 0x0000000706200000, 0x0000000706200000| Untracked 
|  30|0x0000000706400000, 0x0000000706400000, 0x0000000706600000|  0%| F|  |TAMS 0x0000000706400000, 0x0000000706400000| Untracked 
|  31|0x0000000706600000, 0x0000000706600000, 0x0000000706800000|  0%| F|  |TAMS 0x0000000706600000, 0x0000000706600000| Untracked 
|  32|0x0000000706800000, 0x0000000706800000, 0x0000000706a00000|  0%| F|  |TAMS 0x0000000706800000, 0x0000000706800000| Untracked 
|  33|0x0000000706a00000, 0x0000000706a00000, 0x0000000706c00000|  0%| F|  |TAMS 0x0000000706a00000, 0x0000000706a00000| Untracked 
|  34|0x0000000706c00000, 0x0000000706c00000, 0x0000000706e00000|  0%| F|  |TAMS 0x0000000706c00000, 0x0000000706c00000| Untracked 
|  35|0x0000000706e00000, 0x0000000706e00000, 0x0000000707000000|  0%| F|  |TAMS 0x0000000706e00000, 0x0000000706e00000| Untracked 
|  36|0x0000000707000000, 0x0000000707000000, 0x0000000707200000|  0%| F|  |TAMS 0x0000000707000000, 0x0000000707000000| Untracked 
|  37|0x0000000707200000, 0x0000000707200000, 0x0000000707400000|  0%| F|  |TAMS 0x0000000707200000, 0x0000000707200000| Untracked 
|  38|0x0000000707400000, 0x0000000707400000, 0x0000000707600000|  0%| F|  |TAMS 0x0000000707400000, 0x0000000707400000| Untracked 
|  39|0x0000000707600000, 0x0000000707600000, 0x0000000707800000|  0%| F|  |TAMS 0x0000000707600000, 0x0000000707600000| Untracked 
|  40|0x0000000707800000, 0x0000000707800000, 0x0000000707a00000|  0%| F|  |TAMS 0x0000000707800000, 0x0000000707800000| Untracked 
|  41|0x0000000707a00000, 0x0000000707a00000, 0x0000000707c00000|  0%| F|  |TAMS 0x0000000707a00000, 0x0000000707a00000| Untracked 
|  42|0x0000000707c00000, 0x0000000707c00000, 0x0000000707e00000|  0%| F|  |TAMS 0x0000000707c00000, 0x0000000707c00000| Untracked 
|  43|0x0000000707e00000, 0x0000000707e00000, 0x0000000708000000|  0%| F|  |TAMS 0x0000000707e00000, 0x0000000707e00000| Untracked 
|  44|0x0000000708000000, 0x0000000708000000, 0x0000000708200000|  0%| F|  |TAMS 0x0000000708000000, 0x0000000708000000| Untracked 
|  45|0x0000000708200000, 0x0000000708200000, 0x0000000708400000|  0%| F|  |TAMS 0x0000000708200000, 0x0000000708200000| Untracked 
|  46|0x0000000708400000, 0x0000000708400000, 0x0000000708600000|  0%| F|  |TAMS 0x0000000708400000, 0x0000000708400000| Untracked 
|  47|0x0000000708600000, 0x0000000708600000, 0x0000000708800000|  0%| F|  |TAMS 0x0000000708600000, 0x0000000708600000| Untracked 
|  48|0x0000000708800000, 0x0000000708800000, 0x0000000708a00000|  0%| F|  |TAMS 0x0000000708800000, 0x0000000708800000| Untracked 
|  49|0x0000000708a00000, 0x0000000708a00000, 0x0000000708c00000|  0%| F|  |TAMS 0x0000000708a00000, 0x0000000708a00000| Untracked 
|  50|0x0000000708c00000, 0x0000000708c00000, 0x0000000708e00000|  0%| F|  |TAMS 0x0000000708c00000, 0x0000000708c00000| Untracked 
|  51|0x0000000708e00000, 0x0000000708e00000, 0x0000000709000000|  0%| F|  |TAMS 0x0000000708e00000, 0x0000000708e00000| Untracked 
|  52|0x0000000709000000, 0x0000000709000000, 0x0000000709200000|  0%| F|  |TAMS 0x0000000709000000, 0x0000000709000000| Untracked 
|  53|0x0000000709200000, 0x0000000709200000, 0x0000000709400000|  0%| F|  |TAMS 0x0000000709200000, 0x0000000709200000| Untracked 
|  54|0x0000000709400000, 0x0000000709400000, 0x0000000709600000|  0%| F|  |TAMS 0x0000000709400000, 0x0000000709400000| Untracked 
|  55|0x0000000709600000, 0x0000000709600000, 0x0000000709800000|  0%| F|  |TAMS 0x0000000709600000, 0x0000000709600000| Untracked 
|  56|0x0000000709800000, 0x0000000709800000, 0x0000000709a00000|  0%| F|  |TAMS 0x0000000709800000, 0x0000000709800000| Untracked 
|  57|0x0000000709a00000, 0x0000000709a00000, 0x0000000709c00000|  0%| F|  |TAMS 0x0000000709a00000, 0x0000000709a00000| Untracked 
|  58|0x0000000709c00000, 0x0000000709c00000, 0x0000000709e00000|  0%| F|  |TAMS 0x0000000709c00000, 0x0000000709c00000| Untracked 
|  59|0x0000000709e00000, 0x0000000709e00000, 0x000000070a000000|  0%| F|  |TAMS 0x0000000709e00000, 0x0000000709e00000| Untracked 
|  60|0x000000070a000000, 0x000000070a000000, 0x000000070a200000|  0%| F|  |TAMS 0x000000070a000000, 0x000000070a000000| Untracked 
|  61|0x000000070a200000, 0x000000070a200000, 0x000000070a400000|  0%| F|  |TAMS 0x000000070a200000, 0x000000070a200000| Untracked 
|  62|0x000000070a400000, 0x000000070a400000, 0x000000070a600000|  0%| F|  |TAMS 0x000000070a400000, 0x000000070a400000| Untracked 
|  63|0x000000070a600000, 0x000000070a600000, 0x000000070a800000|  0%| F|  |TAMS 0x000000070a600000, 0x000000070a600000| Untracked 
|  64|0x000000070a800000, 0x000000070a800000, 0x000000070aa00000|  0%| F|  |TAMS 0x000000070a800000, 0x000000070a800000| Untracked 
|  65|0x000000070aa00000, 0x000000070aa00000, 0x000000070ac00000|  0%| F|  |TAMS 0x000000070aa00000, 0x000000070aa00000| Untracked 
|  66|0x000000070ac00000, 0x000000070ac00000, 0x000000070ae00000|  0%| F|  |TAMS 0x000000070ac00000, 0x000000070ac00000| Untracked 
|  67|0x000000070ae00000, 0x000000070ae00000, 0x000000070b000000|  0%| F|  |TAMS 0x000000070ae00000, 0x000000070ae00000| Untracked 
|  68|0x000000070b000000, 0x000000070b000000, 0x000000070b200000|  0%| F|  |TAMS 0x000000070b000000, 0x000000070b000000| Untracked 
|  69|0x000000070b200000, 0x000000070b200000, 0x000000070b400000|  0%| F|  |TAMS 0x000000070b200000, 0x000000070b200000| Untracked 
|  70|0x000000070b400000, 0x000000070b400000, 0x000000070b600000|  0%| F|  |TAMS 0x000000070b400000, 0x000000070b400000| Untracked 
|  71|0x000000070b600000, 0x000000070b600000, 0x000000070b800000|  0%| F|  |TAMS 0x000000070b600000, 0x000000070b600000| Untracked 
|  72|0x000000070b800000, 0x000000070b800000, 0x000000070ba00000|  0%| F|  |TAMS 0x000000070b800000, 0x000000070b800000| Untracked 
|  73|0x000000070ba00000, 0x000000070ba00000, 0x000000070bc00000|  0%| F|  |TAMS 0x000000070ba00000, 0x000000070ba00000| Untracked 
|  74|0x000000070bc00000, 0x000000070bc00000, 0x000000070be00000|  0%| F|  |TAMS 0x000000070bc00000, 0x000000070bc00000| Untracked 
|  75|0x000000070be00000, 0x000000070be00000, 0x000000070c000000|  0%| F|  |TAMS 0x000000070be00000, 0x000000070be00000| Untracked 
|  76|0x000000070c000000, 0x000000070c000000, 0x000000070c200000|  0%| F|  |TAMS 0x000000070c000000, 0x000000070c000000| Untracked 
|  77|0x000000070c200000, 0x000000070c200000, 0x000000070c400000|  0%| F|  |TAMS 0x000000070c200000, 0x000000070c200000| Untracked 
|  78|0x000000070c400000, 0x000000070c400000, 0x000000070c600000|  0%| F|  |TAMS 0x000000070c400000, 0x000000070c400000| Untracked 
|  79|0x000000070c600000, 0x000000070c600000, 0x000000070c800000|  0%| F|  |TAMS 0x000000070c600000, 0x000000070c600000| Untracked 
|  80|0x000000070c800000, 0x000000070c800000, 0x000000070ca00000|  0%| F|  |TAMS 0x000000070c800000, 0x000000070c800000| Untracked 
|  81|0x000000070ca00000, 0x000000070ca00000, 0x000000070cc00000|  0%| F|  |TAMS 0x000000070ca00000, 0x000000070ca00000| Untracked 
|  82|0x000000070cc00000, 0x000000070cc00000, 0x000000070ce00000|  0%| F|  |TAMS 0x000000070cc00000, 0x000000070cc00000| Untracked 
|  83|0x000000070ce00000, 0x000000070ce00000, 0x000000070d000000|  0%| F|  |TAMS 0x000000070ce00000, 0x000000070ce00000| Untracked 
|  84|0x000000070d000000, 0x000000070d000000, 0x000000070d200000|  0%| F|  |TAMS 0x000000070d000000, 0x000000070d000000| Untracked 
|  85|0x000000070d200000, 0x000000070d200000, 0x000000070d400000|  0%| F|  |TAMS 0x000000070d200000, 0x000000070d200000| Untracked 
|  86|0x000000070d400000, 0x000000070d400000, 0x000000070d600000|  0%| F|  |TAMS 0x000000070d400000, 0x000000070d400000| Untracked 
|  87|0x000000070d600000, 0x000000070d600000, 0x000000070d800000|  0%| F|  |TAMS 0x000000070d600000, 0x000000070d600000| Untracked 
|  88|0x000000070d800000, 0x000000070d800000, 0x000000070da00000|  0%| F|  |TAMS 0x000000070d800000, 0x000000070d800000| Untracked 
|  89|0x000000070da00000, 0x000000070da00000, 0x000000070dc00000|  0%| F|  |TAMS 0x000000070da00000, 0x000000070da00000| Untracked 
|  90|0x000000070dc00000, 0x000000070dc00000, 0x000000070de00000|  0%| F|  |TAMS 0x000000070dc00000, 0x000000070dc00000| Untracked 
|  91|0x000000070de00000, 0x000000070de00000, 0x000000070e000000|  0%| F|  |TAMS 0x000000070de00000, 0x000000070de00000| Untracked 
|  92|0x000000070e000000, 0x000000070e000000, 0x000000070e200000|  0%| F|  |TAMS 0x000000070e000000, 0x000000070e000000| Untracked 
|  93|0x000000070e200000, 0x000000070e200000, 0x000000070e400000|  0%| F|  |TAMS 0x000000070e200000, 0x000000070e200000| Untracked 
|  94|0x000000070e400000, 0x000000070e400000, 0x000000070e600000|  0%| F|  |TAMS 0x000000070e400000, 0x000000070e400000| Untracked 
|  95|0x000000070e600000, 0x000000070e600000, 0x000000070e800000|  0%| F|  |TAMS 0x000000070e600000, 0x000000070e600000| Untracked 
|  96|0x000000070e800000, 0x000000070e800000, 0x000000070ea00000|  0%| F|  |TAMS 0x000000070e800000, 0x000000070e800000| Untracked 
|  97|0x000000070ea00000, 0x000000070ea00000, 0x000000070ec00000|  0%| F|  |TAMS 0x000000070ea00000, 0x000000070ea00000| Untracked 
|  98|0x000000070ec00000, 0x000000070ec00000, 0x000000070ee00000|  0%| F|  |TAMS 0x000000070ec00000, 0x000000070ec00000| Untracked 
|  99|0x000000070ee00000, 0x000000070ee00000, 0x000000070f000000|  0%| F|  |TAMS 0x000000070ee00000, 0x000000070ee00000| Untracked 
| 100|0x000000070f000000, 0x000000070f000000, 0x000000070f200000|  0%| F|  |TAMS 0x000000070f000000, 0x000000070f000000| Untracked 
| 101|0x000000070f200000, 0x000000070f200000, 0x000000070f400000|  0%| F|  |TAMS 0x000000070f200000, 0x000000070f200000| Untracked 
| 102|0x000000070f400000, 0x000000070f400000, 0x000000070f600000|  0%| F|  |TAMS 0x000000070f400000, 0x000000070f400000| Untracked 
| 103|0x000000070f600000, 0x000000070f600000, 0x000000070f800000|  0%| F|  |TAMS 0x000000070f600000, 0x000000070f600000| Untracked 
| 104|0x000000070f800000, 0x000000070f800000, 0x000000070fa00000|  0%| F|  |TAMS 0x000000070f800000, 0x000000070f800000| Untracked 
| 105|0x000000070fa00000, 0x000000070fa00000, 0x000000070fc00000|  0%| F|  |TAMS 0x000000070fa00000, 0x000000070fa00000| Untracked 
| 106|0x000000070fc00000, 0x000000070fc00000, 0x000000070fe00000|  0%| F|  |TAMS 0x000000070fc00000, 0x000000070fc00000| Untracked 
| 107|0x000000070fe00000, 0x000000070fe00000, 0x0000000710000000|  0%| F|  |TAMS 0x000000070fe00000, 0x000000070fe00000| Untracked 
| 108|0x0000000710000000, 0x0000000710000000, 0x0000000710200000|  0%| F|  |TAMS 0x0000000710000000, 0x0000000710000000| Untracked 
| 109|0x0000000710200000, 0x0000000710200000, 0x0000000710400000|  0%| F|  |TAMS 0x0000000710200000, 0x0000000710200000| Untracked 
| 110|0x0000000710400000, 0x0000000710400000, 0x0000000710600000|  0%| F|  |TAMS 0x0000000710400000, 0x0000000710400000| Untracked 
| 111|0x0000000710600000, 0x0000000710600000, 0x0000000710800000|  0%| F|  |TAMS 0x0000000710600000, 0x0000000710600000| Untracked 
| 112|0x0000000710800000, 0x0000000710800000, 0x0000000710a00000|  0%| F|  |TAMS 0x0000000710800000, 0x0000000710800000| Untracked 
| 113|0x0000000710a00000, 0x0000000710a00000, 0x0000000710c00000|  0%| F|  |TAMS 0x0000000710a00000, 0x0000000710a00000| Untracked 
| 114|0x0000000710c00000, 0x0000000710c00000, 0x0000000710e00000|  0%| F|  |TAMS 0x0000000710c00000, 0x0000000710c00000| Untracked 
| 115|0x0000000710e00000, 0x0000000710e00000, 0x0000000711000000|  0%| F|  |TAMS 0x0000000710e00000, 0x0000000710e00000| Untracked 
| 116|0x0000000711000000, 0x0000000711000000, 0x0000000711200000|  0%| F|  |TAMS 0x0000000711000000, 0x0000000711000000| Untracked 
| 117|0x0000000711200000, 0x0000000711200000, 0x0000000711400000|  0%| F|  |TAMS 0x0000000711200000, 0x0000000711200000| Untracked 
| 118|0x0000000711400000, 0x0000000711400000, 0x0000000711600000|  0%| F|  |TAMS 0x0000000711400000, 0x0000000711400000| Untracked 
| 119|0x0000000711600000, 0x0000000711600000, 0x0000000711800000|  0%| F|  |TAMS 0x0000000711600000, 0x0000000711600000| Untracked 
| 120|0x0000000711800000, 0x0000000711800000, 0x0000000711a00000|  0%| F|  |TAMS 0x0000000711800000, 0x0000000711800000| Untracked 
| 121|0x0000000711a00000, 0x0000000711a00000, 0x0000000711c00000|  0%| F|  |TAMS 0x0000000711a00000, 0x0000000711a00000| Untracked 
| 122|0x0000000711c00000, 0x0000000711ce9ef8, 0x0000000711e00000| 45%| E|  |TAMS 0x0000000711c00000, 0x0000000711c00000| Complete 
| 123|0x0000000711e00000, 0x0000000712000000, 0x0000000712000000|100%| E|CS|TAMS 0x0000000711e00000, 0x0000000711e00000| Complete 
| 124|0x0000000712000000, 0x0000000712200000, 0x0000000712200000|100%| E|CS|TAMS 0x0000000712000000, 0x0000000712000000| Complete 
| 125|0x0000000712200000, 0x0000000712400000, 0x0000000712400000|100%| E|CS|TAMS 0x0000000712200000, 0x0000000712200000| Complete 
| 126|0x0000000712400000, 0x0000000712600000, 0x0000000712600000|100%| E|CS|TAMS 0x0000000712400000, 0x0000000712400000| Complete 

Card table byte_map: [0x000002cc25520000,0x000002cc25d10000] _byte_map_base: 0x000002cc21d0c000

Marking Bits (Prev, Next): (CMBitMap*) 0x000002cc11e129c0, (CMBitMap*) 0x000002cc11e12a00
 Prev Bits: [0x000002cc26500000, 0x000002cc2a460000)
 Next Bits: [0x000002cc2a460000, 0x000002cc2e3c0000)

Polling page: 0x000002cc0fde0000

Metaspace:

Usage:
  Non-class:      9.61 MB capacity,     9.49 MB ( 99%) used,   114.04 KB (  1%) free+waste,     6.81 KB ( <1%) overhead. 
      Class:    951.00 KB capacity,   908.67 KB ( 96%) used,    40.33 KB (  4%) free+waste,     2.00 KB ( <1%) overhead. 
       Both:     10.54 MB capacity,    10.38 MB ( 98%) used,   154.37 KB (  1%) free+waste,     8.81 KB ( <1%) overhead. 

Virtual space:
  Non-class space:       10.00 MB reserved,       9.75 MB ( 98%) committed 
      Class space:        1.00 GB reserved,       1.00 MB ( <1%) committed 
             Both:        1.01 GB reserved,      10.75 MB (  1%) committed 

Chunk freelists:
   Non-Class:  15.00 KB
       Class:  9.00 KB
        Both:  24.00 KB

MaxMetaspaceSize: 17179869184.00 GB
CompressedClassSpaceSize: 1.00 GB

CodeHeap 'non-profiled nmethods': size=120000Kb used=182Kb max_used=182Kb free=119817Kb
 bounds [0x000002cc1d2b0000, 0x000002cc1d520000, 0x000002cc247e0000]
CodeHeap 'profiled nmethods': size=120000Kb used=717Kb max_used=717Kb free=119282Kb
 bounds [0x000002cc15d80000, 0x000002cc15ff0000, 0x000002cc1d2b0000]
CodeHeap 'non-nmethods': size=5760Kb used=1242Kb max_used=1259Kb free=4517Kb
 bounds [0x000002cc157e0000, 0x000002cc15a50000, 0x000002cc15d80000]
 total_blobs=950 nmethods=541 adapters=322
 compilation: enabled
              stopped_count=0, restarted_count=0
 full_count=0

Compilation events (20 events):
Event: 31245.144 Thread 0x000002cc31922860 nmethod 536 0x000002cc1d2dbd90 code [0x000002cc1d2dbf20, 0x000002cc1d2dbfd8]
Event: 31245.144 Thread 0x000002cc31922860  538       3       org.eclipse.jdt.launching.internal.org.objectweb.asm.ByteVector::putByteArray (49 bytes)
Event: 31245.144 Thread 0x000002cc31922860 nmethod 538 0x000002cc15e2ac10 code [0x000002cc15e2adc0, 0x000002cc15e2b078]
Event: 31245.149 Thread 0x000002cc3191c8b0 nmethod 537 0x000002cc1d2dc090 code [0x000002cc1d2dc220, 0x000002cc1d2dc4a8]
Event: 31245.149 Thread 0x000002cc3191c8b0  539       4       org.eclipse.jdt.launching.internal.org.objectweb.asm.Symbol::<init> (38 bytes)
Event: 31245.152 Thread 0x000002cc3191c8b0 nmethod 539 0x000002cc1d2dc610 code [0x000002cc1d2dc780, 0x000002cc1d2dcab8]
Event: 31330.778 Thread 0x000002cc31922860  540       3       org.eclipse.jdt.launching.internal.org.objectweb.asm.ByteVector::<init> (13 bytes)
Event: 31330.778 Thread 0x000002cc31922860 nmethod 540 0x000002cc15e2b190 code [0x000002cc15e2b340, 0x000002cc15e2b5b8]
Event: 31465.376 Thread 0x000002cc3191c8b0  541       4       org.eclipse.jdt.launching.internal.org.objectweb.asm.SymbolTable::add (39 bytes)
Event: 31465.381 Thread 0x000002cc3191c8b0 nmethod 541 0x000002cc1d2dcb90 code [0x000002cc1d2dcd20, 0x000002cc1d2dd0b8]
Event: 31465.381 Thread 0x000002cc3191c8b0  542       4       org.eclipse.jdt.launching.internal.org.objectweb.asm.ClassReader::readUTF8 (23 bytes)
Event: 31465.383 Thread 0x000002cc3191c8b0 nmethod 542 0x000002cc1d2dd290 code [0x000002cc1d2dd420, 0x000002cc1d2dd5e8]
Event: 31620.968 Thread 0x000002cc3191c8b0  543       4       org.eclipse.jdt.launching.internal.org.objectweb.asm.SymbolTable$Entry::<init> (17 bytes)
Event: 31620.968 Thread 0x000002cc31922860  544       3       org.eclipse.jdt.launching.internal.org.objectweb.asm.ClassReader::readMethod (1061 bytes)
Event: 31620.972 Thread 0x000002cc3191c8b0 nmethod 543 0x000002cc1d2dd790 code [0x000002cc1d2dd900, 0x000002cc1d2ddb18]
Event: 31620.978 Thread 0x000002cc31922860 nmethod 544 0x000002cc15e2b690 code [0x000002cc15e2bde0, 0x000002cc15e30768]
Event: 31620.978 Thread 0x000002cc31922860  545       3       org.eclipse.jdt.launching.internal.org.objectweb.asm.ClassVisitor::visitMethod (24 bytes)
Event: 31620.978 Thread 0x000002cc31922860 nmethod 545 0x000002cc15e32710 code [0x000002cc15e328c0, 0x000002cc15e32b28]
Event: 31620.979 Thread 0x000002cc31922860  546       3       org.eclipse.jdt.launching.internal.org.objectweb.asm.MethodWriter::canCopyMethodAttributes (163 bytes)
Event: 31620.979 Thread 0x000002cc31922860 nmethod 546 0x000002cc15e32c10 code [0x000002cc15e32e00, 0x000002cc15e33498]

GC Heap History (0 events):
No events

Deoptimization events (20 events):
Event: 0.213 Thread 0x000002cc11dc15f0 DEOPT PACKING pc=0x000002cc15df13b8 sp=0x000000fa810f7b90
Event: 0.213 Thread 0x000002cc11dc15f0 DEOPT UNPACKING pc=0x000002cc1582e23f sp=0x000000fa810f7058 mode 0
Event: 0.227 Thread 0x000002cc11dc15f0 Uncommon trap: trap_request=0xffffff45 fr.pc=0x000002cc1d2be674 relative=0x00000000000000d4
Event: 0.227 Thread 0x000002cc11dc15f0 Uncommon trap: reason=unstable_if action=reinterpret pc=0x000002cc1d2be674 method=java.lang.String.isLatin1()Z @ 10 c2
Event: 0.227 Thread 0x000002cc11dc15f0 DEOPT PACKING pc=0x000002cc1d2be674 sp=0x000000fa810fee90
Event: 0.227 Thread 0x000002cc11dc15f0 DEOPT UNPACKING pc=0x000002cc1582e42f sp=0x000000fa810fede0 mode 2
Event: 0.238 Thread 0x000002cc11dc15f0 DEOPT PACKING pc=0x000002cc15dd0296 sp=0x000000fa810fca10
Event: 0.238 Thread 0x000002cc11dc15f0 DEOPT UNPACKING pc=0x000002cc1582e23f sp=0x000000fa810fbea8 mode 0
Event: 0.239 Thread 0x000002cc11dc15f0 Uncommon trap: trap_request=0xffffff45 fr.pc=0x000002cc1d2b9b68 relative=0x0000000000000248
Event: 0.239 Thread 0x000002cc11dc15f0 Uncommon trap: reason=unstable_if action=reinterpret pc=0x000002cc1d2b9b68 method=java.lang.String.isLatin1()Z @ 10 c2
Event: 0.239 Thread 0x000002cc11dc15f0 DEOPT PACKING pc=0x000002cc1d2b9b68 sp=0x000000fa810fc8e0
Event: 0.239 Thread 0x000002cc11dc15f0 DEOPT UNPACKING pc=0x000002cc1582e42f sp=0x000000fa810fc810 mode 2
Event: 0.239 Thread 0x000002cc11dc15f0 Uncommon trap: trap_request=0xffffff45 fr.pc=0x000002cc1d2b665c relative=0x000000000000005c
Event: 0.239 Thread 0x000002cc11dc15f0 Uncommon trap: reason=unstable_if action=reinterpret pc=0x000002cc1d2b665c method=java.lang.String.isLatin1()Z @ 10 c2
Event: 0.239 Thread 0x000002cc11dc15f0 DEOPT PACKING pc=0x000002cc1d2b665c sp=0x000000fa810fc860
Event: 0.239 Thread 0x000002cc11dc15f0 DEOPT UNPACKING pc=0x000002cc1582e42f sp=0x000000fa810fc800 mode 2
Event: 0.243 Thread 0x000002cc11dc15f0 Uncommon trap: trap_request=0xffffff45 fr.pc=0x000002cc1d2c35c4 relative=0x0000000000000044
Event: 0.243 Thread 0x000002cc11dc15f0 Uncommon trap: reason=unstable_if action=reinterpret pc=0x000002cc1d2c35c4 method=java.lang.CharacterData.of(I)Ljava/lang/CharacterData; @ 4 c2
Event: 0.243 Thread 0x000002cc11dc15f0 DEOPT PACKING pc=0x000002cc1d2c35c4 sp=0x000000fa810fe810
Event: 0.243 Thread 0x000002cc11dc15f0 DEOPT UNPACKING pc=0x000002cc1582e42f sp=0x000000fa810fe7b0 mode 2

Classes unloaded (0 events):
No events

Classes redefined (6 events):
Event: 5318.897 Thread 0x000002cc318c26e0 redefined class name=Main, count=1
Event: 5332.550 Thread 0x000002cc318c26e0 redefined class name=Main, count=2
Event: 19961.594 Thread 0x000002cc318c26e0 redefined class name=Main, count=3
Event: 20302.831 Thread 0x000002cc318c26e0 redefined class name=Main, count=4
Event: 20511.762 Thread 0x000002cc318c26e0 redefined class name=Main, count=5
Event: 23751.662 Thread 0x000002cc318c26e0 redefined class name=Main, count=6

Internal exceptions (3 events):
Event: 0.135 Thread 0x000002cc11dc15f0 Exception <a 'java/lang/NoSuchMethodError'{0x0000000712248a20}: 'void java.lang.invoke.DirectMethodHandle$Holder.invokeStatic(java.lang.Object, java.lang.Object)'> (0x0000000712248a20) 
thrown [./open/src/hotspot/share/interpreter/linkResolver.cpp, line 782]
Event: 0.136 Thread 0x000002cc11dc15f0 Exception <a 'java/lang/NoSuchMethodError'{0x000000071224c6c8}: 'void java.lang.invoke.DirectMethodHandle$Holder.invokeStaticInit(java.lang.Object, java.lang.Object)'> (0x000000071224c6c8) 
thrown [./open/src/hotspot/share/interpreter/linkResolver.cpp, line 782]
Event: 0.190 Thread 0x000002cc11dc15f0 Exception <a 'java/lang/NoSuchMethodError'{0x000000071202dc08}: 'java.lang.Object java.lang.invoke.DirectMethodHandle$Holder.invokeStatic(java.lang.Object)'> (0x000000071202dc08) 
thrown [./open/src/hotspot/share/interpreter/linkResolver.cpp, line 782]

Events (20 events):
Event: 32165.195 Executing VM operation: GetFrameCount
Event: 32165.195 Executing VM operation: GetFrameCount done
Event: 32165.198 Executing VM operation: GetFrameCount
Event: 32165.198 Executing VM operation: GetFrameCount done
Event: 32165.198 Executing VM operation: GetStackTrace
Event: 32165.199 Executing VM operation: GetStackTrace done
Event: 32165.199 Executing VM operation: GetFrameCount
Event: 32165.200 Executing VM operation: GetFrameCount done
Event: 32165.477 Executing VM operation: GetFrameCount
Event: 32165.477 Executing VM operation: GetFrameCount done
Event: 32165.477 Executing VM operation: SetFramePop
Event: 32165.477 Executing VM operation: SetFramePop done
Event: 32165.477 Executing VM operation: GetFrameLocation
Event: 32165.478 Executing VM operation: GetFrameLocation done
Event: 32165.478 Executing VM operation: GetCurrentLocation
Event: 32165.478 Executing VM operation: GetCurrentLocation done
Event: 32165.478 Executing VM operation: ChangeSingleStep
Event: 32165.478 Executing VM operation: ChangeSingleStep done
Event: 32165.479 Executing VM operation: GetFrameLocation
Event: 32165.480 Executing VM operation: GetFrameLocation done


Dynamic libraries:
0x00007ff6dee10000 - 0x00007ff6dee1d000 	C:\Program Files\eclipse\plugins\org.eclipse.justj.openjdk.hotspot.jre.full.win32.x86_64_15.0.1.v20201027-0507\jre\bin\javaw.exe
0x00007ffebc4b0000 - 0x00007ffebc6a5000 	C:\Windows\SYSTEM32\ntdll.dll
0x00007ffebb430000 - 0x00007ffebb4ed000 	C:\Windows\System32\KERNEL32.DLL
0x00007ffeba010000 - 0x00007ffeba2d9000 	C:\Windows\System32\KERNELBASE.dll
0x00007ffeb9d30000 - 0x00007ffeb9e30000 	C:\Windows\System32\ucrtbase.dll
0x00007ffeb5760000 - 0x00007ffeb5778000 	C:\Program Files\eclipse\plugins\org.eclipse.justj.openjdk.hotspot.jre.full.win32.x86_64_15.0.1.v20201027-0507\jre\bin\jli.dll
0x00007ffeb4b40000 - 0x00007ffeb4b59000 	C:\Program Files\eclipse\plugins\org.eclipse.justj.openjdk.hotspot.jre.full.win32.x86_64_15.0.1.v20201027-0507\jre\bin\VCRUNTIME140.dll
0x00007ffebaf20000 - 0x00007ffebb0c0000 	C:\Windows\System32\USER32.dll
0x00007ffeb9bc0000 - 0x00007ffeb9be2000 	C:\Windows\System32\win32u.dll
0x00007ffebaef0000 - 0x00007ffebaf1a000 	C:\Windows\System32\GDI32.dll
0x00007ffea2e60000 - 0x00007ffea30fa000 	C:\Windows\WinSxS\amd64_microsoft.windows.common-controls_6595b64144ccf1df_6.0.19041.844_none_ca00b6081b84eb1d\COMCTL32.dll
0x00007ffeb9c20000 - 0x00007ffeb9d2b000 	C:\Windows\System32\gdi32full.dll
0x00007ffebc1b0000 - 0x00007ffebc24e000 	C:\Windows\System32\msvcrt.dll
0x00007ffeba440000 - 0x00007ffeba4dd000 	C:\Windows\System32\msvcp_win.dll
0x00007ffebaec0000 - 0x00007ffebaef0000 	C:\Windows\System32\IMM32.DLL
0x00007ffeb71c0000 - 0x00007ffeb71cc000 	C:\Program Files\eclipse\plugins\org.eclipse.justj.openjdk.hotspot.jre.full.win32.x86_64_15.0.1.v20201027-0507\jre\bin\vcruntime140_1.dll
0x00007ffeb2460000 - 0x00007ffeb24f1000 	C:\Program Files\eclipse\plugins\org.eclipse.justj.openjdk.hotspot.jre.full.win32.x86_64_15.0.1.v20201027-0507\jre\bin\msvcp140.dll
0x00007ffe71e50000 - 0x00007ffe729ae000 	C:\Program Files\eclipse\plugins\org.eclipse.justj.openjdk.hotspot.jre.full.win32.x86_64_15.0.1.v20201027-0507\jre\bin\server\jvm.dll
0x00007ffebbde0000 - 0x00007ffebbe8c000 	C:\Windows\System32\ADVAPI32.dll
0x00007ffeba540000 - 0x00007ffeba5dc000 	C:\Windows\System32\sechost.dll
0x00007ffebbe90000 - 0x00007ffebbfbb000 	C:\Windows\System32\RPCRT4.dll
0x00007ffebba50000 - 0x00007ffebba58000 	C:\Windows\System32\PSAPI.DLL
0x00007ffeb3520000 - 0x00007ffeb352a000 	C:\Windows\SYSTEM32\VERSION.dll
0x00007ffea5c80000 - 0x00007ffea5c89000 	C:\Windows\SYSTEM32\WSOCK32.dll
0x00007ffea1d80000 - 0x00007ffea1da7000 	C:\Windows\SYSTEM32\WINMM.dll
0x00007ffebc140000 - 0x00007ffebc1ab000 	C:\Windows\System32\WS2_32.dll
0x00007ffeb7b20000 - 0x00007ffeb7b32000 	C:\Windows\SYSTEM32\kernel.appcore.dll
0x00007ffea5340000 - 0x00007ffea534a000 	C:\Program Files\eclipse\plugins\org.eclipse.justj.openjdk.hotspot.jre.full.win32.x86_64_15.0.1.v20201027-0507\jre\bin\jimage.dll
0x00007ffea54c0000 - 0x00007ffea56a4000 	C:\Windows\SYSTEM32\DBGHELP.DLL
0x00007ffea5490000 - 0x00007ffea54bc000 	C:\Windows\SYSTEM32\dbgcore.DLL
0x00007ffeb9e30000 - 0x00007ffeb9eb0000 	C:\Windows\System32\bcryptPrimitives.dll
0x00007ffeb36d0000 - 0x00007ffeb3709000 	C:\Program Files\eclipse\plugins\org.eclipse.justj.openjdk.hotspot.jre.full.win32.x86_64_15.0.1.v20201027-0507\jre\bin\jdwp.dll
0x00007ffeb56b0000 - 0x00007ffeb56be000 	C:\Program Files\eclipse\plugins\org.eclipse.justj.openjdk.hotspot.jre.full.win32.x86_64_15.0.1.v20201027-0507\jre\bin\instrument.dll
0x00007ffe956d0000 - 0x00007ffe956f5000 	C:\Program Files\eclipse\plugins\org.eclipse.justj.openjdk.hotspot.jre.full.win32.x86_64_15.0.1.v20201027-0507\jre\bin\java.dll
0x00007ffe986c0000 - 0x00007ffe986d8000 	C:\Program Files\eclipse\plugins\org.eclipse.justj.openjdk.hotspot.jre.full.win32.x86_64_15.0.1.v20201027-0507\jre\bin\zip.dll
0x00007ffeba6c0000 - 0x00007ffebae02000 	C:\Windows\System32\SHELL32.dll
0x00007ffeb7d20000 - 0x00007ffeb84b0000 	C:\Windows\SYSTEM32\windows.storage.dll
0x00007ffebb0c0000 - 0x00007ffebb415000 	C:\Windows\System32\combase.dll
0x00007ffeb9630000 - 0x00007ffeb965c000 	C:\Windows\SYSTEM32\Wldp.dll
0x00007ffebbc10000 - 0x00007ffebbcbe000 	C:\Windows\System32\SHCORE.dll
0x00007ffeba4e0000 - 0x00007ffeba535000 	C:\Windows\System32\shlwapi.dll
0x00007ffeb9b00000 - 0x00007ffeb9b1f000 	C:\Windows\SYSTEM32\profapi.dll
0x00007ffeb49e0000 - 0x00007ffeb49eb000 	C:\Program Files\eclipse\plugins\org.eclipse.justj.openjdk.hotspot.jre.full.win32.x86_64_15.0.1.v20201027-0507\jre\bin\dt_socket.dll
0x00007ffeb9050000 - 0x00007ffeb908b000 	C:\Windows\SYSTEM32\IPHLPAPI.DLL
0x00007ffeb93b0000 - 0x00007ffeb941a000 	C:\Windows\system32\mswsock.dll
0x00007ffeb9090000 - 0x00007ffeb915b000 	C:\Windows\SYSTEM32\DNSAPI.dll
0x00007ffebb420000 - 0x00007ffebb428000 	C:\Windows\System32\NSI.dll
0x00007ffeaf120000 - 0x00007ffeaf12a000 	C:\Windows\System32\rasadhlp.dll
0x00007ffeaa7e0000 - 0x00007ffeaa85f000 	C:\Windows\System32\fwpuclnt.dll
0x00007ffeb9bf0000 - 0x00007ffeb9c17000 	C:\Windows\System32\bcrypt.dll
0x00007ffe944c0000 - 0x00007ffe944d9000 	C:\Program Files\eclipse\plugins\org.eclipse.justj.openjdk.hotspot.jre.full.win32.x86_64_15.0.1.v20201027-0507\jre\bin\net.dll
0x00007ffeaa860000 - 0x00007ffeaa96c000 	C:\Windows\SYSTEM32\WINHTTP.dll
0x00007ffe944a0000 - 0x00007ffe944b2000 	C:\Program Files\eclipse\plugins\org.eclipse.justj.openjdk.hotspot.jre.full.win32.x86_64_15.0.1.v20201027-0507\jre\bin\nio.dll
0x00007ffea02c0000 - 0x00007ffea02d0000 	C:\Program Files\eclipse\plugins\org.eclipse.justj.openjdk.hotspot.jre.full.win32.x86_64_15.0.1.v20201027-0507\jre\bin\verify.dll

dbghelp: loaded successfully - version: 4.0.5 - missing functions: none
symbol engine: initialized successfully - sym options: 0x614 - pdb path: .;C:\Program Files\eclipse\plugins\org.eclipse.justj.openjdk.hotspot.jre.full.win32.x86_64_15.0.1.v20201027-0507\jre\bin;C:\Windows\SYSTEM32;C:\Windows\WinSxS\amd64_microsoft.windows.common-controls_6595b64144ccf1df_6.0.19041.844_none_ca00b6081b84eb1d;C:\Program Files\eclipse\plugins\org.eclipse.justj.openjdk.hotspot.jre.full.win32.x86_64_15.0.1.v20201027-0507\jre\bin\server

VM Arguments:
jvm_args: -XX:+ShowCodeDetailsInExceptionMessages -agentlib:jdwp=transport=dt_socket,suspend=y,address=localhost:49577 -javaagent:C:\Users\siyar\.eclipse\org.eclipse.platform_4.18.0_1709980481_win32_win32_x86_64\configuration\org.eclipse.osgi\220\0\.cp\lib\javaagent-shaded.jar -Dfile.encoding=Cp1254 
java_command: Main
java_class_path (initial): C:\Users\siyar\eclipse-workspace\PROJECT-1\bin
Launcher Type: SUN_STANDARD

[Global flags]
     intx CICompilerCount                          = 4                                         {product} {ergonomic}
     uint ConcGCThreads                            = 3                                         {product} {ergonomic}
     uint G1ConcRefinementThreads                  = 10                                        {product} {ergonomic}
   size_t G1HeapRegionSize                         = 2097152                                   {product} {ergonomic}
    uintx GCDrainStackTargetSize                   = 64                                        {product} {ergonomic}
   size_t InitialHeapSize                          = 266338304                                 {product} {ergonomic}
   size_t MarkStackSize                            = 4194304                                   {product} {ergonomic}
   size_t MaxHeapSize                              = 4253024256                                {product} {ergonomic}
   size_t MaxNewSize                               = 2550136832                                {product} {ergonomic}
   size_t MinHeapDeltaBytes                        = 2097152                                   {product} {ergonomic}
   size_t MinHeapSize                              = 8388608                                   {product} {ergonomic}
    uintx NonNMethodCodeHeapSize                   = 5839372                                {pd product} {ergonomic}
    uintx NonProfiledCodeHeapSize                  = 122909434                              {pd product} {ergonomic}
    uintx ProfiledCodeHeapSize                     = 122909434                              {pd product} {ergonomic}
    uintx ReservedCodeCacheSize                    = 251658240                              {pd product} {ergonomic}
     bool SegmentedCodeCache                       = true                                      {product} {ergonomic}
     bool ShowCodeDetailsInExceptionMessages       = true                                   {manageable} {command line}
   size_t SoftMaxHeapSize                          = 4253024256                             {manageable} {ergonomic}
     bool UseCompressedClassPointers               = true                                 {lp64_product} {ergonomic}
     bool UseCompressedOops                        = true                                 {lp64_product} {ergonomic}
     bool UseG1GC                                  = true                                      {product} {ergonomic}
     bool UseLargePagesIndividualAllocation        = false                                  {pd product} {ergonomic}

Logging:
Log output configuration:
 #0: stdout all=warning uptime,level,tags
 #1: stderr all=off uptime,level,tags

Environment Variables:
PATH=C:\Program Files\eclipse\plugins\org.eclipse.justj.openjdk.hotspot.jre.full.win32.x86_64_15.0.1.v20201027-0507\jre\bin;C:/Program Files/eclipse//plugins/org.eclipse.justj.openjdk.hotspot.jre.full.win32.x86_64_15.0.1.v20201027-0507/jre/bin/server;C:/Program Files/eclipse//plugins/org.eclipse.justj.openjdk.hotspot.jre.full.win32.x86_64_15.0.1.v20201027-0507/jre/bin;C:\Program Files\Common Files\Oracle\Java\javapath;C:\Windows\system32;C:\Windows;C:\Windows\System32\Wbem;C:\Windows\System32\WindowsPowerShell\v1.0\;C:\Windows\System32\OpenSSH\;C:\Program Files\NVIDIA Corporation\NVIDIA NvDLISR;C:\Program Files (x86)\NVIDIA Corporation\PhysX\Common;C:\Program Files\dotnet\;C:\Python\Scripts\;C:\Python\;C:\Users\siyar\AppData\Local\Microsoft\WindowsApps;C:\Users\siyar\.dotnet\tools;C:\altera\13.1\modelsim_ase\win32aloem;C:\Program Files\eclipse;
USERNAME=siyar
OS=Windows_NT
PROCESSOR_IDENTIFIER=Intel64 Family 6 Model 165 Stepping 2, GenuineIntel



---------------  S Y S T E M  ---------------

OS:
 Windows 10 , 64 bit Build 19041 (10.0.19041.804)
OS uptime: 19 days 20:36 hours

CPU: total 12 (initial active 12) (6 cores per cpu, 2 threads per core) family 6 model 165 stepping 2 microcode 0xe0, cmov, cx8, fxsr, mmx, sse, sse2, sse3, ssse3, sse4.1, sse4.2, popcnt, vzeroupper, avx, avx2, aes, clmul, erms, 3dnowpref, lzcnt, ht, tsc, tscinvbit, bmi1, bmi2, adx, fma, clflush, clflushopt

Memory: 4k page, system-wide physical 16220M (7941M free)
TotalPageFile size 23718M (AvailPageFile size 2645M)
current process WorkingSet (physical memory assigned to process): 39M, peak: 51M
current process commit charge ("private bytes"): 347M, peak: 350M

vm_info: OpenJDK 64-Bit Server VM (15.0.1+9-18) for windows-amd64 JRE (15.0.1+9-18), built on Sep 15 2020 14:39:31 by "mach5one" with unknown MS VC++:1925

END.
